# If this log is to be used for incremental obfuscation / patch generation, 
# add any '.class', '.method', '.field' and '.attribute' restrictions here:


#-DO-NOT-EDIT-BELOW-THIS-LINE------------------DO-NOT-EDIT-BELOW-THIS-LINE--
#
# RetroGuard Bytecode Obfuscator, v1.1.13, a product of Retrologic Systems - www.retrologic.com
#
# Logfile created on Tue Apr 05 09:25:44 EDT 2005
#
# Jar file to be obfuscated:           temp.jar
# Target Jar file for obfuscated code: CS330_S05_Asst6.jar
# RetroGuard Script file used:         retroguard.dat
#
#
# Memory in use after class data structure built: 540688 bytes
# Total memory available                        : 3604480 bytes
#
#
# Obfuscated name overloading frequency:
#  'a'   	used 13 times	(39%)
#  'if'   	used 8 times	(24%)
#  'do'   	used 5 times	(15%)
#  'for'   	used 2 times	(6%)
#  'byte'   	used 1 times	(3%)
#  'b'   	used 1 times	(3%)
#  'new'   	used 1 times	(3%)
#  'int'   	used 1 times	(3%)
#  'try'   	used 1 times	(3%)
#  Other names (each used in <1% of mappings) used a total of 0 times (1%)
#
#
# Names reserved from obfuscation:
#
.class Life
.method Life/main ([Ljava/lang/String;)V
.class LifeApplet
.method LifeApplet/stop ()V
.method LifeApplet/destroy ()V
.method LifeApplet/start ()V
.method LifeApplet/init ()V
#
#
# Obfuscated name mappings (some of these may be unchanged due to polymorphism constraints):
#
.class_map LifeView$1 1
.field_map LifeView$1/this$0 this$0
.method_map LifeView$1/update (Ljava/awt/Graphics;)V update
.method_map LifeView$1/paint (Ljava/awt/Graphics;)V paint
.class_map LifeView a
.field_map LifeView/sizeDisplay a
.field_map LifeView/modelSize if
.field_map LifeView/colorMap do
.field_map LifeView/canvas for
.field_map LifeView/theModel int
.field_map LifeView/generationDisplay new
.field_map LifeView/generationMax try
.field_map LifeView/generationCount byte
.method_map LifeView/getPreferredSize ()Ljava/awt/Dimension; getPreferredSize
.method_map LifeView/access$000 (LLifeView;)Ljavax/swing/JPanel; access$000
.method_map LifeView/setModelSize (I)V a
.method_map LifeView/setGenerationCount (I)V if
.method_map LifeView/reset (Ljava/lang/String;)V a
.method_map LifeView/nextGeneration ()V a
.method_map LifeView/setMaxGenerations (I)V do
.method_map LifeView/getMaxGenerations ()I if
.method_map LifeView/access$100 (LLifeView;Ljava/awt/Graphics;)V access$100
.method_map LifeView/paintCanvas (Ljava/awt/Graphics;)V a
.method_map LifeView/getModelSize ()I do
.method_map LifeView/runGenerations ()V for
.class_map Life$3 3
.field_map Life$3/this$0 this$0
.method_map Life$3/windowClosing (Ljava/awt/event/WindowEvent;)V windowClosing
.class_map Life$2 2
.field_map Life$2/this$0 this$0
.method_map Life$2/actionPerformed (Ljava/awt/event/ActionEvent;)V actionPerformed
.class_map Life$1 1
.field_map Life$1/this$0 this$0
.method_map Life$1/itemStateChanged (Ljava/awt/event/ItemEvent;)V itemStateChanged
.field_map Life/initialPic a
.field_map Life/inApplet if
.field_map Life/viewer do
.method_map Life/access$100 (LLife;)LLifeView; access$100
.method_map Life/access$000 (LLife;)Ljava/awt/Choice; access$000
.method_map Life/access$200 (LLife;)Z access$200
.class_map LifeModel b
.field_map LifeModel/cells a
.field_map LifeModel/theSize if
.method_map LifeModel/key (II)Ljava/lang/Integer; a
.method_map LifeModel/reset (D)V a
.method_map LifeModel/reset ()V a
.method_map LifeModel/reset (I)V a
.method_map LifeModel/getCell (II)I if
.method_map LifeModel/nextGeneration ()V if
.method_map LifeModel/setSize (I)V if
.method_map LifeModel/getSize ()I do
.field_map LifeApplet/window a
